{"/home/alessandro/Projects/se2/be/app.js": {"path":"/home/alessandro/Projects/se2/be/app.js","statementMap":{"0":{"start":{"line":1,"column":16},"end":{"line":1,"column":34}},"1":{"start":{"line":2,"column":12},"end":{"line":2,"column":21}},"2":{"start":{"line":3,"column":17},"end":{"line":3,"column":36}},"3":{"start":{"line":4,"column":19},"end":{"line":4,"column":41}},"4":{"start":{"line":5,"column":13},"end":{"line":5,"column":28}},"5":{"start":{"line":6,"column":19},"end":{"line":6,"column":43}},"6":{"start":{"line":7,"column":14},"end":{"line":7,"column":40}},"7":{"start":{"line":8,"column":15},"end":{"line":8,"column":34}},"8":{"start":{"line":9,"column":0},"end":{"line":9,"column":25}},"9":{"start":{"line":10,"column":25},"end":{"line":10,"column":54}},"10":{"start":{"line":11,"column":17},"end":{"line":11,"column":41}},"11":{"start":{"line":12,"column":20},"end":{"line":12,"column":54}},"12":{"start":{"line":13,"column":13},"end":{"line":13,"column":32}},"13":{"start":{"line":14,"column":11},"end":{"line":14,"column":26}},"14":{"start":{"line":15,"column":18},"end":{"line":15,"column":47}},"15":{"start":{"line":16,"column":21},"end":{"line":16,"column":45}},"16":{"start":{"line":18,"column":16},"end":{"line":34,"column":1}},"17":{"start":{"line":36,"column":14},"end":{"line":36,"column":35}},"18":{"start":{"line":38,"column":0},"end":{"line":38,"column":62}},"19":{"start":{"line":41,"column":0},"end":{"line":41,"column":27}},"20":{"start":{"line":42,"column":0},"end":{"line":42,"column":52}},"21":{"start":{"line":43,"column":0},"end":{"line":43,"column":24}},"22":{"start":{"line":47,"column":0},"end":{"line":57,"column":3}},"23":{"start":{"line":49,"column":6},"end":{"line":55,"column":9}},"24":{"start":{"line":50,"column":9},"end":{"line":50,"column":39}},"25":{"start":{"line":50,"column":20},"end":{"line":50,"column":37}},"26":{"start":{"line":51,"column":9},"end":{"line":51,"column":49}},"27":{"start":{"line":51,"column":22},"end":{"line":51,"column":47}},"28":{"start":{"line":52,"column":23},"end":{"line":52,"column":68}},"29":{"start":{"line":53,"column":9},"end":{"line":53,"column":50}},"30":{"start":{"line":53,"column":23},"end":{"line":53,"column":48}},"31":{"start":{"line":54,"column":9},"end":{"line":54,"column":33}},"32":{"start":{"line":61,"column":0},"end":{"line":63,"column":3}},"33":{"start":{"line":62,"column":3},"end":{"line":62,"column":23}},"34":{"start":{"line":65,"column":0},"end":{"line":69,"column":3}},"35":{"start":{"line":66,"column":3},"end":{"line":68,"column":6}},"36":{"start":{"line":67,"column":5},"end":{"line":67,"column":21}},"37":{"start":{"line":72,"column":0},"end":{"line":72,"column":16}},"38":{"start":{"line":75,"column":0},"end":{"line":79,"column":4}},"39":{"start":{"line":82,"column":0},"end":{"line":82,"column":55}},"40":{"start":{"line":85,"column":0},"end":{"line":85,"column":31}},"41":{"start":{"line":86,"column":0},"end":{"line":86,"column":28}},"42":{"start":{"line":90,"column":0},"end":{"line":92,"column":2}},"43":{"start":{"line":91,"column":3},"end":{"line":91,"column":64}},"44":{"start":{"line":96,"column":0},"end":{"line":98,"column":2}},"45":{"start":{"line":97,"column":3},"end":{"line":97,"column":40}},"46":{"start":{"line":102,"column":0},"end":{"line":104,"column":3}},"47":{"start":{"line":103,"column":3},"end":{"line":103,"column":30}},"48":{"start":{"line":108,"column":20},"end":{"line":108,"column":45}},"49":{"start":{"line":109,"column":0},"end":{"line":109,"column":31}},"50":{"start":{"line":111,"column":20},"end":{"line":111,"column":45}},"51":{"start":{"line":112,"column":0},"end":{"line":112,"column":31}},"52":{"start":{"line":116,"column":0},"end":{"line":116,"column":21}}},"fnMap":{"0":{"name":"(anonymous_0)","decl":{"start":{"line":48,"column":3},"end":{"line":48,"column":4}},"loc":{"start":{"line":48,"column":39},"end":{"line":56,"column":4}},"line":48},"1":{"name":"(anonymous_1)","decl":{"start":{"line":49,"column":43},"end":{"line":49,"column":44}},"loc":{"start":{"line":49,"column":70},"end":{"line":55,"column":7}},"line":49},"2":{"name":"(anonymous_2)","decl":{"start":{"line":61,"column":23},"end":{"line":61,"column":24}},"loc":{"start":{"line":61,"column":44},"end":{"line":63,"column":1}},"line":61},"3":{"name":"(anonymous_3)","decl":{"start":{"line":65,"column":25},"end":{"line":65,"column":26}},"loc":{"start":{"line":65,"column":44},"end":{"line":69,"column":1}},"line":65},"4":{"name":"(anonymous_4)","decl":{"start":{"line":66,"column":21},"end":{"line":66,"column":22}},"loc":{"start":{"line":66,"column":41},"end":{"line":68,"column":4}},"line":66},"5":{"name":"(anonymous_5)","decl":{"start":{"line":90,"column":37},"end":{"line":90,"column":38}},"loc":{"start":{"line":90,"column":43},"end":{"line":92,"column":1}},"line":90},"6":{"name":"(anonymous_6)","decl":{"start":{"line":96,"column":44},"end":{"line":96,"column":45}},"loc":{"start":{"line":96,"column":50},"end":{"line":98,"column":1}},"line":96},"7":{"name":"(anonymous_7)","decl":{"start":{"line":102,"column":13},"end":{"line":102,"column":14}},"loc":{"start":{"line":102,"column":27},"end":{"line":104,"column":1}},"line":102}},"branchMap":{"0":{"loc":{"start":{"line":50,"column":9},"end":{"line":50,"column":39}},"type":"if","locations":[{"start":{"line":50,"column":9},"end":{"line":50,"column":39}},{"start":{},"end":{}}],"line":50},"1":{"loc":{"start":{"line":51,"column":9},"end":{"line":51,"column":49}},"type":"if","locations":[{"start":{"line":51,"column":9},"end":{"line":51,"column":49}},{"start":{},"end":{}}],"line":51},"2":{"loc":{"start":{"line":53,"column":9},"end":{"line":53,"column":50}},"type":"if","locations":[{"start":{"line":53,"column":9},"end":{"line":53,"column":50}},{"start":{},"end":{}}],"line":53},"3":{"loc":{"start":{"line":90,"column":11},"end":{"line":90,"column":35}},"type":"binary-expr","locations":[{"start":{"line":90,"column":11},"end":{"line":90,"column":27}},{"start":{"line":90,"column":31},"end":{"line":90,"column":35}}],"line":90}},"s":{"0":1,"1":1,"2":1,"3":1,"4":1,"5":1,"6":1,"7":1,"8":1,"9":1,"10":1,"11":1,"12":1,"13":1,"14":1,"15":1,"16":1,"17":1,"18":1,"19":1,"20":1,"21":1,"22":1,"23":0,"24":0,"25":0,"26":0,"27":0,"28":0,"29":0,"30":0,"31":0,"32":1,"33":0,"34":1,"35":0,"36":0,"37":1,"38":1,"39":1,"40":1,"41":1,"42":1,"43":0,"44":1,"45":0,"46":1,"47":0,"48":1,"49":1,"50":1,"51":1,"52":1},"f":{"0":0,"1":0,"2":0,"3":0,"4":0,"5":0,"6":0,"7":0},"b":{"0":[0,0],"1":[0,0],"2":[0,0],"3":[1,1]},"_coverageSchema":"1a1c01bbd47fc00a2c39e90264f33305004495a9","hash":"91cf6a413e8659dc4dc558fcbc0e7ebafca5b7a0"}
,"/home/alessandro/Projects/se2/be/authentication.js": {"path":"/home/alessandro/Projects/se2/be/authentication.js","statementMap":{"0":{"start":{"line":2,"column":4},"end":{"line":4,"column":5}},"1":{"start":{"line":3,"column":6},"end":{"line":3,"column":19}},"2":{"start":{"line":5,"column":4},"end":{"line":5,"column":27}},"3":{"start":{"line":8,"column":0},"end":{"line":8,"column":37}}},"fnMap":{"0":{"name":"checkAuthenticated","decl":{"start":{"line":1,"column":9},"end":{"line":1,"column":27}},"loc":{"start":{"line":1,"column":45},"end":{"line":6,"column":1}},"line":1}},"branchMap":{"0":{"loc":{"start":{"line":2,"column":4},"end":{"line":4,"column":5}},"type":"if","locations":[{"start":{"line":2,"column":4},"end":{"line":4,"column":5}},{"start":{},"end":{}}],"line":2}},"s":{"0":0,"1":0,"2":0,"3":1},"f":{"0":0},"b":{"0":[0,0]},"_coverageSchema":"1a1c01bbd47fc00a2c39e90264f33305004495a9","hash":"60be52051539661e3ddf471bc06f164d6b189037"}
,"/home/alessandro/Projects/se2/be/controller/posts.js": {"path":"/home/alessandro/Projects/se2/be/controller/posts.js","statementMap":{"0":{"start":{"line":1,"column":15},"end":{"line":1,"column":41}},"1":{"start":{"line":2,"column":22},"end":{"line":2,"column":40}},"2":{"start":{"line":7,"column":3},"end":{"line":15,"column":3}},"3":{"start":{"line":8,"column":18},"end":{"line":8,"column":82}},"4":{"start":{"line":9,"column":4},"end":{"line":12,"column":8}},"5":{"start":{"line":10,"column":19},"end":{"line":10,"column":49}},"6":{"start":{"line":11,"column":6},"end":{"line":11,"column":89}},"7":{"start":{"line":14,"column":4},"end":{"line":14,"column":25}},"8":{"start":{"line":21,"column":2},"end":{"line":31,"column":2}},"9":{"start":{"line":22,"column":16},"end":{"line":22,"column":21}},"10":{"start":{"line":23,"column":17},"end":{"line":23,"column":44}},"11":{"start":{"line":24,"column":17},"end":{"line":24,"column":47}},"12":{"start":{"line":25,"column":4},"end":{"line":27,"column":5}},"13":{"start":{"line":26,"column":6},"end":{"line":26,"column":19}},"14":{"start":{"line":28,"column":4},"end":{"line":28,"column":93}},"15":{"start":{"line":30,"column":3},"end":{"line":30,"column":24}},"16":{"start":{"line":37,"column":2},"end":{"line":46,"column":3}},"17":{"start":{"line":38,"column":22},"end":{"line":42,"column":6}},"18":{"start":{"line":43,"column":4},"end":{"line":43,"column":46}},"19":{"start":{"line":45,"column":4},"end":{"line":45,"column":25}},"20":{"start":{"line":52,"column":2},"end":{"line":56,"column":3}},"21":{"start":{"line":53,"column":4},"end":{"line":53,"column":41}},"22":{"start":{"line":55,"column":4},"end":{"line":55,"column":25}},"23":{"start":{"line":62,"column":2},"end":{"line":71,"column":2}},"24":{"start":{"line":63,"column":17},"end":{"line":63,"column":19}},"25":{"start":{"line":65,"column":4},"end":{"line":65,"column":36}},"26":{"start":{"line":65,"column":15},"end":{"line":65,"column":36}},"27":{"start":{"line":66,"column":4},"end":{"line":66,"column":54}},"28":{"start":{"line":66,"column":21},"end":{"line":66,"column":54}},"29":{"start":{"line":67,"column":24},"end":{"line":67,"column":95}},"30":{"start":{"line":68,"column":4},"end":{"line":68,"column":48}},"31":{"start":{"line":70,"column":3},"end":{"line":70,"column":24}},"32":{"start":{"line":76,"column":0},"end":{"line":82,"column":1}}},"fnMap":{"0":{"name":"handleGetPost","decl":{"start":{"line":6,"column":15},"end":{"line":6,"column":28}},"loc":{"start":{"line":6,"column":34},"end":{"line":16,"column":1}},"line":6},"1":{"name":"(anonymous_1)","decl":{"start":{"line":9,"column":39},"end":{"line":9,"column":40}},"loc":{"start":{"line":9,"column":55},"end":{"line":12,"column":5}},"line":9},"2":{"name":"handleGetSinglePost","decl":{"start":{"line":20,"column":15},"end":{"line":20,"column":34}},"loc":{"start":{"line":20,"column":50},"end":{"line":32,"column":1}},"line":20},"3":{"name":"handlePostPost","decl":{"start":{"line":36,"column":15},"end":{"line":36,"column":29}},"loc":{"start":{"line":36,"column":57},"end":{"line":47,"column":1}},"line":36},"4":{"name":"handleRemovePost","decl":{"start":{"line":51,"column":15},"end":{"line":51,"column":31}},"loc":{"start":{"line":51,"column":39},"end":{"line":57,"column":1}},"line":51},"5":{"name":"handleUpdatePost","decl":{"start":{"line":61,"column":15},"end":{"line":61,"column":31}},"loc":{"start":{"line":61,"column":59},"end":{"line":72,"column":1}},"line":61}},"branchMap":{"0":{"loc":{"start":{"line":25,"column":4},"end":{"line":27,"column":5}},"type":"if","locations":[{"start":{"line":25,"column":4},"end":{"line":27,"column":5}},{"start":{},"end":{}}],"line":25},"1":{"loc":{"start":{"line":65,"column":4},"end":{"line":65,"column":36}},"type":"if","locations":[{"start":{"line":65,"column":4},"end":{"line":65,"column":36}},{"start":{},"end":{}}],"line":65},"2":{"loc":{"start":{"line":66,"column":4},"end":{"line":66,"column":54}},"type":"if","locations":[{"start":{"line":66,"column":4},"end":{"line":66,"column":54}},{"start":{},"end":{}}],"line":66}},"s":{"0":1,"1":1,"2":0,"3":0,"4":0,"5":0,"6":0,"7":0,"8":0,"9":0,"10":0,"11":0,"12":0,"13":0,"14":0,"15":0,"16":0,"17":0,"18":0,"19":0,"20":0,"21":0,"22":0,"23":0,"24":0,"25":0,"26":0,"27":0,"28":0,"29":0,"30":0,"31":0,"32":1},"f":{"0":0,"1":0,"2":0,"3":0,"4":0,"5":0},"b":{"0":[0,0],"1":[0,0],"2":[0,0]},"_coverageSchema":"1a1c01bbd47fc00a2c39e90264f33305004495a9","hash":"10ffd3c0e22ad66ecc443069558d4cac752dedb5"}
,"/home/alessandro/Projects/se2/be/controller/users.js": {"path":"/home/alessandro/Projects/se2/be/controller/users.js","statementMap":{"0":{"start":{"line":1,"column":13},"end":{"line":1,"column":32}},"1":{"start":{"line":2,"column":15},"end":{"line":2,"column":40}},"2":{"start":{"line":5,"column":2},"end":{"line":11,"column":4}},"3":{"start":{"line":6,"column":4},"end":{"line":10,"column":7}},"4":{"start":{"line":7,"column":6},"end":{"line":9,"column":9}},"5":{"start":{"line":8,"column":8},"end":{"line":8,"column":22}},"6":{"start":{"line":15,"column":2},"end":{"line":26,"column":3}},"7":{"start":{"line":16,"column":27},"end":{"line":16,"column":55}},"8":{"start":{"line":17,"column":22},"end":{"line":22,"column":6}},"9":{"start":{"line":23,"column":4},"end":{"line":23,"column":46}},"10":{"start":{"line":25,"column":4},"end":{"line":25,"column":14}},"11":{"start":{"line":30,"column":2},"end":{"line":30,"column":31}},"12":{"start":{"line":34,"column":0},"end":{"line":38,"column":3}}},"fnMap":{"0":{"name":"hashPassword","decl":{"start":{"line":4,"column":15},"end":{"line":4,"column":27}},"loc":{"start":{"line":4,"column":38},"end":{"line":12,"column":1}},"line":4},"1":{"name":"(anonymous_1)","decl":{"start":{"line":5,"column":21},"end":{"line":5,"column":22}},"loc":{"start":{"line":5,"column":40},"end":{"line":11,"column":3}},"line":5},"2":{"name":"(anonymous_2)","decl":{"start":{"line":6,"column":23},"end":{"line":6,"column":24}},"loc":{"start":{"line":6,"column":43},"end":{"line":10,"column":5}},"line":6},"3":{"name":"(anonymous_3)","decl":{"start":{"line":7,"column":34},"end":{"line":7,"column":35}},"loc":{"start":{"line":7,"column":54},"end":{"line":9,"column":7}},"line":7},"4":{"name":"handlePostUser","decl":{"start":{"line":14,"column":15},"end":{"line":14,"column":29}},"loc":{"start":{"line":14,"column":63},"end":{"line":27,"column":1}},"line":14},"5":{"name":"getUserById","decl":{"start":{"line":29,"column":15},"end":{"line":29,"column":26}},"loc":{"start":{"line":29,"column":35},"end":{"line":31,"column":1}},"line":29}},"branchMap":{},"s":{"0":1,"1":1,"2":0,"3":0,"4":0,"5":0,"6":0,"7":0,"8":0,"9":0,"10":0,"11":0,"12":1},"f":{"0":0,"1":0,"2":0,"3":0,"4":0,"5":0},"b":{},"_coverageSchema":"1a1c01bbd47fc00a2c39e90264f33305004495a9","hash":"97dfe4e022349e9a3c4b1db330ff8c7a61d0bd1e"}
,"/home/alessandro/Projects/se2/be/models/Posts.js": {"path":"/home/alessandro/Projects/se2/be/models/Posts.js","statementMap":{"0":{"start":{"line":1,"column":17},"end":{"line":1,"column":36}},"1":{"start":{"line":3,"column":19},"end":{"line":19,"column":2}},"2":{"start":{"line":21,"column":0},"end":{"line":23,"column":1}}},"fnMap":{},"branchMap":{},"s":{"0":1,"1":1,"2":1},"f":{},"b":{},"_coverageSchema":"1a1c01bbd47fc00a2c39e90264f33305004495a9","hash":"6139bcdbdc036ab44a6d958fe4727278a635e46e"}
,"/home/alessandro/Projects/se2/be/models/User.js": {"path":"/home/alessandro/Projects/se2/be/models/User.js","statementMap":{"0":{"start":{"line":1,"column":15},"end":{"line":1,"column":34}},"1":{"start":{"line":4,"column":17},"end":{"line":17,"column":2}},"2":{"start":{"line":19,"column":0},"end":{"line":21,"column":1}}},"fnMap":{},"branchMap":{},"s":{"0":1,"1":1,"2":1},"f":{},"b":{},"_coverageSchema":"1a1c01bbd47fc00a2c39e90264f33305004495a9","hash":"05878110b85412e0855537340bdac0fb7c68f35f"}
,"/home/alessandro/Projects/se2/be/routes/posts.js": {"path":"/home/alessandro/Projects/se2/be/routes/posts.js","statementMap":{"0":{"start":{"line":1,"column":16},"end":{"line":1,"column":35}},"1":{"start":{"line":2,"column":15},"end":{"line":2,"column":34}},"2":{"start":{"line":8,"column":26},"end":{"line":8,"column":56}},"3":{"start":{"line":9,"column":31},"end":{"line":9,"column":59}},"4":{"start":{"line":10,"column":15},"end":{"line":10,"column":31}},"5":{"start":{"line":12,"column":0},"end":{"line":12,"column":31}},"6":{"start":{"line":14,"column":13},"end":{"line":14,"column":39}},"7":{"start":{"line":72,"column":0},"end":{"line":74,"column":3}},"8":{"start":{"line":73,"column":4},"end":{"line":73,"column":50}},"9":{"start":{"line":102,"column":0},"end":{"line":104,"column":3}},"10":{"start":{"line":103,"column":4},"end":{"line":103,"column":73}},"11":{"start":{"line":132,"column":0},"end":{"line":140,"column":3}},"12":{"start":{"line":133,"column":4},"end":{"line":138,"column":5}},"13":{"start":{"line":134,"column":8},"end":{"line":134,"column":81}},"14":{"start":{"line":135,"column":8},"end":{"line":135,"column":36}},"15":{"start":{"line":137,"column":8},"end":{"line":137,"column":38}},"16":{"start":{"line":165,"column":0},"end":{"line":168,"column":3}},"17":{"start":{"line":166,"column":4},"end":{"line":166,"column":46}},"18":{"start":{"line":167,"column":4},"end":{"line":167,"column":24}},"19":{"start":{"line":205,"column":0},"end":{"line":207,"column":2}},"20":{"start":{"line":206,"column":4},"end":{"line":206,"column":94}},"21":{"start":{"line":210,"column":0},"end":{"line":210,"column":24}}},"fnMap":{"0":{"name":"(anonymous_0)","decl":{"start":{"line":72,"column":16},"end":{"line":72,"column":17}},"loc":{"start":{"line":72,"column":36},"end":{"line":74,"column":1}},"line":72},"1":{"name":"(anonymous_1)","decl":{"start":{"line":102,"column":23},"end":{"line":102,"column":24}},"loc":{"start":{"line":102,"column":42},"end":{"line":104,"column":1}},"line":102},"2":{"name":"(anonymous_2)","decl":{"start":{"line":132,"column":17},"end":{"line":132,"column":18}},"loc":{"start":{"line":132,"column":37},"end":{"line":140,"column":1}},"line":132},"3":{"name":"(anonymous_3)","decl":{"start":{"line":165,"column":26},"end":{"line":165,"column":27}},"loc":{"start":{"line":165,"column":46},"end":{"line":168,"column":1}},"line":165},"4":{"name":"(anonymous_4)","decl":{"start":{"line":205,"column":25},"end":{"line":205,"column":26}},"loc":{"start":{"line":205,"column":45},"end":{"line":207,"column":1}},"line":205}},"branchMap":{},"s":{"0":1,"1":1,"2":1,"3":1,"4":1,"5":1,"6":1,"7":1,"8":0,"9":1,"10":0,"11":1,"12":0,"13":0,"14":0,"15":0,"16":1,"17":0,"18":0,"19":1,"20":0,"21":1},"f":{"0":0,"1":0,"2":0,"3":0,"4":0},"b":{},"_coverageSchema":"1a1c01bbd47fc00a2c39e90264f33305004495a9","hash":"d7456228feba9891f06c133e37934bd2823cb206"}
,"/home/alessandro/Projects/se2/be/routes/users.js": {"path":"/home/alessandro/Projects/se2/be/routes/users.js","statementMap":{"0":{"start":{"line":1,"column":15},"end":{"line":1,"column":33}},"1":{"start":{"line":2,"column":17},"end":{"line":2,"column":39}},"2":{"start":{"line":3,"column":19},"end":{"line":3,"column":43}},"3":{"start":{"line":4,"column":14},"end":{"line":4,"column":40}},"4":{"start":{"line":5,"column":15},"end":{"line":5,"column":34}},"5":{"start":{"line":6,"column":15},"end":{"line":6,"column":34}},"6":{"start":{"line":7,"column":11},"end":{"line":7,"column":36}},"7":{"start":{"line":8,"column":27},"end":{"line":8,"column":57}},"8":{"start":{"line":9,"column":31},"end":{"line":9,"column":59}},"9":{"start":{"line":11,"column":15},"end":{"line":11,"column":31}},"10":{"start":{"line":14,"column":0},"end":{"line":22,"column":3}},"11":{"start":{"line":15,"column":4},"end":{"line":20,"column":5}},"12":{"start":{"line":16,"column":8},"end":{"line":16,"column":98}},"13":{"start":{"line":17,"column":8},"end":{"line":17,"column":36}},"14":{"start":{"line":19,"column":8},"end":{"line":19,"column":39}},"15":{"start":{"line":26,"column":0},"end":{"line":36,"column":2}},"16":{"start":{"line":30,"column":8},"end":{"line":34,"column":9}},"17":{"start":{"line":31,"column":12},"end":{"line":31,"column":40}},"18":{"start":{"line":33,"column":12},"end":{"line":33,"column":40}},"19":{"start":{"line":39,"column":0},"end":{"line":41,"column":2}},"20":{"start":{"line":40,"column":4},"end":{"line":40,"column":23}},"21":{"start":{"line":45,"column":0},"end":{"line":48,"column":3}},"22":{"start":{"line":46,"column":4},"end":{"line":46,"column":17}},"23":{"start":{"line":47,"column":4},"end":{"line":47,"column":18}},"24":{"start":{"line":50,"column":0},"end":{"line":50,"column":24}}},"fnMap":{"0":{"name":"(anonymous_0)","decl":{"start":{"line":14,"column":24},"end":{"line":14,"column":25}},"loc":{"start":{"line":14,"column":48},"end":{"line":22,"column":1}},"line":14},"1":{"name":"(anonymous_1)","decl":{"start":{"line":29,"column":4},"end":{"line":29,"column":5}},"loc":{"start":{"line":29,"column":23},"end":{"line":35,"column":5}},"line":29},"2":{"name":"(anonymous_2)","decl":{"start":{"line":39,"column":20},"end":{"line":39,"column":21}},"loc":{"start":{"line":39,"column":38},"end":{"line":41,"column":1}},"line":39},"3":{"name":"(anonymous_3)","decl":{"start":{"line":45,"column":22},"end":{"line":45,"column":23}},"loc":{"start":{"line":45,"column":40},"end":{"line":48,"column":1}},"line":45}},"branchMap":{},"s":{"0":1,"1":1,"2":1,"3":1,"4":1,"5":1,"6":1,"7":1,"8":1,"9":1,"10":1,"11":0,"12":0,"13":0,"14":0,"15":1,"16":0,"17":0,"18":0,"19":1,"20":0,"21":1,"22":0,"23":0,"24":1},"f":{"0":0,"1":0,"2":0,"3":0},"b":{},"_coverageSchema":"1a1c01bbd47fc00a2c39e90264f33305004495a9","hash":"3d679e90c618a30ac500e1a8d0086f292318402f"}
}
