TN:
SF:app.js
FN:48,(anonymous_0)
FN:49,(anonymous_1)
FN:61,(anonymous_2)
FN:65,(anonymous_3)
FN:66,(anonymous_4)
FN:90,(anonymous_5)
FN:96,(anonymous_6)
FN:102,(anonymous_7)
FNF:8
FNH:2
FNDA:0,(anonymous_0)
FNDA:0,(anonymous_1)
FNDA:0,(anonymous_2)
FNDA:0,(anonymous_3)
FNDA:0,(anonymous_4)
FNDA:1,(anonymous_5)
FNDA:1,(anonymous_6)
FNDA:0,(anonymous_7)
DA:1,1
DA:2,1
DA:3,1
DA:4,1
DA:5,1
DA:6,1
DA:7,1
DA:8,1
DA:9,1
DA:10,1
DA:11,1
DA:12,1
DA:13,1
DA:14,1
DA:15,1
DA:16,1
DA:18,1
DA:36,1
DA:38,1
DA:41,1
DA:42,1
DA:43,1
DA:47,1
DA:49,0
DA:50,0
DA:51,0
DA:52,0
DA:53,0
DA:54,0
DA:61,1
DA:62,0
DA:65,1
DA:66,0
DA:67,0
DA:72,1
DA:75,1
DA:82,1
DA:85,1
DA:86,1
DA:90,1
DA:91,1
DA:96,1
DA:97,1
DA:102,1
DA:103,0
DA:108,1
DA:109,1
DA:111,1
DA:112,1
DA:116,1
LF:50
LH:40
BRDA:50,0,0,0
BRDA:50,0,1,0
BRDA:51,1,0,0
BRDA:51,1,1,0
BRDA:53,2,0,0
BRDA:53,2,1,0
BRDA:90,3,0,1
BRDA:90,3,1,1
BRF:8
BRH:2
end_of_record
TN:
SF:authentication.js
FN:1,checkAuthenticated
FNF:1
FNH:0
FNDA:0,checkAuthenticated
DA:2,0
DA:3,0
DA:5,0
DA:8,1
LF:4
LH:1
BRDA:2,0,0,0
BRDA:2,0,1,0
BRF:2
BRH:0
end_of_record
TN:
SF:controller/posts.js
FN:6,handleGetPost
FN:9,(anonymous_1)
FN:20,handleGetSinglePost
FN:36,handlePostPost
FN:51,handleRemovePost
FN:61,handleUpdatePost
FNF:6
FNH:3
FNDA:1,handleGetPost
FNDA:5,(anonymous_1)
FNDA:1,handleGetSinglePost
FNDA:0,handlePostPost
FNDA:0,handleRemovePost
FNDA:0,handleUpdatePost
DA:1,1
DA:2,1
DA:7,1
DA:8,1
DA:9,1
DA:10,5
DA:11,5
DA:14,0
DA:21,1
DA:22,1
DA:23,1
DA:24,1
DA:25,1
DA:26,0
DA:28,1
DA:30,0
DA:37,0
DA:38,0
DA:43,0
DA:45,0
DA:52,0
DA:53,0
DA:55,0
DA:62,0
DA:63,0
DA:65,0
DA:66,0
DA:67,0
DA:68,0
DA:70,0
DA:76,1
LF:31
LH:14
BRDA:25,0,0,0
BRDA:25,0,1,1
BRDA:65,1,0,0
BRDA:65,1,1,0
BRDA:66,2,0,0
BRDA:66,2,1,0
BRF:6
BRH:1
end_of_record
TN:
SF:controller/users.js
FN:4,hashPassword
FN:5,(anonymous_1)
FN:6,(anonymous_2)
FN:7,(anonymous_3)
FN:14,handlePostUser
FN:29,getUserById
FNF:6
FNH:1
FNDA:0,hashPassword
FNDA:0,(anonymous_1)
FNDA:0,(anonymous_2)
FNDA:0,(anonymous_3)
FNDA:0,handlePostUser
FNDA:6,getUserById
DA:1,1
DA:2,1
DA:5,0
DA:6,0
DA:7,0
DA:8,0
DA:15,0
DA:16,0
DA:17,0
DA:23,0
DA:25,0
DA:30,6
DA:34,1
LF:13
LH:4
BRF:0
BRH:0
end_of_record
TN:
SF:models/Posts.js
FNF:0
FNH:0
DA:1,1
DA:3,1
DA:21,1
LF:3
LH:3
BRF:0
BRH:0
end_of_record
TN:
SF:models/User.js
FNF:0
FNH:0
DA:1,1
DA:4,1
DA:19,1
LF:3
LH:3
BRF:0
BRH:0
end_of_record
TN:
SF:routes/posts.js
FN:72,(anonymous_0)
FN:102,(anonymous_1)
FN:132,(anonymous_2)
FN:165,(anonymous_3)
FN:205,(anonymous_4)
FNF:5
FNH:0
FNDA:0,(anonymous_0)
FNDA:0,(anonymous_1)
FNDA:0,(anonymous_2)
FNDA:0,(anonymous_3)
FNDA:0,(anonymous_4)
DA:1,1
DA:2,1
DA:8,1
DA:9,1
DA:10,1
DA:12,1
DA:14,1
DA:72,1
DA:73,0
DA:102,1
DA:103,0
DA:132,1
DA:133,0
DA:134,0
DA:135,0
DA:137,0
DA:165,1
DA:166,0
DA:167,0
DA:205,1
DA:206,0
DA:210,1
LF:22
LH:13
BRF:0
BRH:0
end_of_record
TN:
SF:routes/users.js
FN:14,(anonymous_0)
FN:29,(anonymous_1)
FN:39,(anonymous_2)
FN:45,(anonymous_3)
FNF:4
FNH:0
FNDA:0,(anonymous_0)
FNDA:0,(anonymous_1)
FNDA:0,(anonymous_2)
FNDA:0,(anonymous_3)
DA:1,1
DA:2,1
DA:3,1
DA:4,1
DA:5,1
DA:6,1
DA:7,1
DA:8,1
DA:9,1
DA:11,1
DA:14,1
DA:15,0
DA:16,0
DA:17,0
DA:19,0
DA:26,1
DA:30,0
DA:31,0
DA:33,0
DA:39,1
DA:40,0
DA:45,1
DA:46,0
DA:47,0
DA:50,1
LF:25
LH:15
BRF:0
BRH:0
end_of_record
